2014-12-17 22:43:08 WARN  TestLogger:19 - warn
2014-12-17 22:43:08 ERROR TestLogger:20 - error
2014-12-17 22:43:08 FATAL TestLogger:21 - fatal
2014-12-17 22:43:08 INFO  myPackage.Log4jExample:27 - info
2014-12-17 22:43:08 WARN  myPackage.Log4jExample:28 - warn
2014-12-17 22:43:08 ERROR myPackage.Log4jExample:29 - error
2014-12-17 22:43:08 FATAL myPackage.Log4jExample:30 - fatal
2014-12-17 22:43:08 WARN  TestLogger:44 - warn
2014-12-17 22:43:08 ERROR TestLogger:45 - error
2014-12-17 22:43:08 FATAL TestLogger:46 - fatal
2015-03-13 15:42:23 INFO  myPackage.Log4jExample:10 - info
2015-03-13 15:42:23 WARN  myPackage.Log4jExample:11 - warn
2015-03-13 15:42:23 ERROR myPackage.Log4jExample:12 - error
2015-03-13 15:42:23 FATAL myPackage.Log4jExample:13 - fatal
2015-03-13 15:42:40 WARN  myPackage.Log4jExample:11 - warn
2015-03-13 15:42:40 ERROR myPackage.Log4jExample:12 - error
2015-03-13 15:42:40 FATAL myPackage.Log4jExample:13 - fatal
2015-03-13 15:48:21 INFO  myPackage.Log4jExample:12 - info
2015-03-13 15:48:21 WARN  myPackage.Log4jExample:13 - warn
2015-03-13 15:48:21 ERROR myPackage.Log4jExample:14 - error
2015-03-13 15:48:21 FATAL myPackage.Log4jExample:15 - fatal
2015-03-13 15:48:30 INFO  myPackage.Log4jExample:12 - info
2015-03-13 15:48:30 WARN  myPackage.Log4jExample:13 - warn
2015-03-13 15:48:30 ERROR myPackage.Log4jExample:14 - error
2015-03-13 15:48:30 FATAL myPackage.Log4jExample:15 - fatal
2015-03-13 15:48:40 WARN  myPackage.Log4jExample:13 - warn
2015-03-13 15:48:40 ERROR myPackage.Log4jExample:14 - error
2015-03-13 15:48:40 FATAL myPackage.Log4jExample:15 - fatal
2015-03-13 15:48:45 WARN  myPackage.Log4jExample:13 - warn
2015-03-13 15:48:45 ERROR myPackage.Log4jExample:14 - error
2015-03-13 15:48:45 FATAL myPackage.Log4jExample:15 - fatal
2015-03-13 15:49:02 INFO  myPackage:12 - info
2015-03-13 15:49:02 WARN  myPackage:13 - warn
2015-03-13 15:49:02 ERROR myPackage:14 - error
2015-03-13 15:49:02 FATAL myPackage:15 - fatal
2015-03-13 15:50:18 INFO  myPackage.Log4jExample:12 - info
2015-03-13 15:50:18 WARN  myPackage.Log4jExample:13 - warn
2015-03-13 15:50:18 ERROR myPackage.Log4jExample:14 - error
2015-03-13 15:50:18 FATAL myPackage.Log4jExample:15 - fatal
2015-03-13 15:50:38 INFO  testPackage.Log4jExample:12 - info
2015-03-13 15:50:38 WARN  testPackage.Log4jExample:13 - warn
2015-03-13 15:50:38 ERROR testPackage.Log4jExample:14 - error
2015-03-13 15:50:38 FATAL testPackage.Log4jExample:15 - fatal
2015-03-13 15:50:50 INFO  testPackage.Log4jExample:12 - info
2015-03-13 15:50:50 WARN  testPackage.Log4jExample:13 - warn
2015-03-13 15:50:50 ERROR testPackage.Log4jExample:14 - error
2015-03-13 15:50:50 FATAL testPackage.Log4jExample:15 - fatal
2015-03-13 15:50:55 INFO  testPackage:12 - info
2015-03-13 15:50:55 WARN  testPackage:13 - warn
2015-03-13 15:50:55 ERROR testPackage:14 - error
2015-03-13 15:50:55 FATAL testPackage:15 - fatal
2015-03-13 15:50:59 INFO  testPackage:12 - info
2015-03-13 15:50:59 WARN  testPackage:13 - warn
2015-03-13 15:50:59 ERROR testPackage:14 - error
2015-03-13 15:50:59 FATAL testPackage:15 - fatal
2015-03-13 15:51:11 INFO  testPackage.Log4jExample:12 - info
2015-03-13 15:51:11 WARN  testPackage.Log4jExample:13 - warn
2015-03-13 15:51:11 ERROR testPackage.Log4jExample:14 - error
2015-03-13 15:51:11 FATAL testPackage.Log4jExample:15 - fatal
2015-03-13 15:54:06 WARN  myPackage.Log4jExample:17 - warn
2015-03-13 15:54:06 ERROR myPackage.Log4jExample:18 - error
2015-03-13 15:54:06 FATAL myPackage.Log4jExample:19 - fatal
2015-03-13 15:56:05 WARN  myPackage.Log4jExample:17 - warn
2015-03-13 15:56:05 ERROR myPackage.Log4jExample:18 - error
2015-03-13 15:56:05 FATAL myPackage.Log4jExample:19 - fatal
2015-03-13 15:56:15 WARN  myPackage.Log4jExample:17 - warn
2015-03-13 15:56:15 ERROR myPackage.Log4jExample:18 - error
2015-03-13 15:56:15 FATAL myPackage.Log4jExample:19 - fatal
2015-03-13 15:56:19 WARN  myPackage.Log4jExample:17 - warn
2015-03-13 15:56:19 ERROR myPackage.Log4jExample:18 - error
2015-03-13 15:56:19 FATAL myPackage.Log4jExample:19 - fatal
2015-03-13 16:22:39 WARN  myPackage.Log4jExample:19 - warn
2015-03-13 16:22:39 ERROR myPackage.Log4jExample:20 - error
2015-03-13 16:22:39 FATAL myPackage.Log4jExample:21 - fatal
